Build started 05/11/2015 05:05:12.
     1>Project "C:\Users\Oren Ish Shalom\Dropbox\MTA\COMPILATION\2015-2016\Compilation\Compilation_For_Students\Compiler\Step_03_Bottom_Up_Parser_LR_0\LR_0_Parser\LR_0_Parser.vcxproj" on node 2 (build target(s)).
     1>InitializeBuildStatus:
         Creating "Debug\LR_0_Parser.unsuccessfulbuild" because "AlwaysCreate" was specified.
       ClCompile:
         c:\Program Files (x86)\Microsoft Visual Studio 10.0\VC\bin\CL.exe /c /ZI /nologo /W3 /WX- /Od /Oy- /D WIN32 /D _DEBUG /D _CONSOLE /D _UNICODE /D UNICODE /Gm /EHsc /RTC1 /MDd /GS /fp:precise /Zc:wchar_t /Zc:forScope /Fo"Debug\\" /Fd"Debug\vc100.pdb" /Gd /TC /analyze- /errorReport:prompt Parser.c
         Parser.c
       ManifestResourceCompile:
         All outputs are up-to-date.
       Link:
         c:\Program Files (x86)\Microsoft Visual Studio 10.0\VC\bin\link.exe /ERRORREPORT:PROMPT /OUT:"C:\Users\Oren Ish Shalom\Dropbox\MTA\COMPILATION\2015-2016\Compilation\Compilation_For_Students\Compiler\Step_03_Bottom_Up_Parser_LR_0\LR_0_Parser\Debug\LR_0_Parser.exe" /INCREMENTAL /NOLOGO kernel32.lib user32.lib gdi32.lib winspool.lib comdlg32.lib advapi32.lib shell32.lib ole32.lib oleaut32.lib uuid.lib odbc32.lib odbccp32.lib /MANIFEST /ManifestFile:"Debug\LR_0_Parser.exe.intermediate.manifest" /MANIFESTUAC:"level='asInvoker' uiAccess='false'" /DEBUG /PDB:"C:\Users\Oren Ish Shalom\Dropbox\MTA\COMPILATION\2015-2016\Compilation\Compilation_For_Students\Compiler\Step_03_Bottom_Up_Parser_LR_0\LR_0_Parser\Debug\LR_0_Parser.pdb" /SUBSYSTEM:CONSOLE /TLBID:1 /DYNAMICBASE /NXCOMPAT /IMPLIB:"C:\Users\Oren Ish Shalom\Dropbox\MTA\COMPILATION\2015-2016\Compilation\Compilation_For_Students\Compiler\Step_03_Bottom_Up_Parser_LR_0\LR_0_Parser\Debug\LR_0_Parser.lib" /MACHINE:X86 Debug\LR_0_Parser.exe.embed.manifest.res
         Debug\errormsg.obj
         Debug\util.obj
         Debug\lex.yy.obj
         Debug\driver.obj
         Debug\Parser.obj
         Debug\Stack.obj
       Manifest:
         C:\Program Files (x86)\Microsoft SDKs\Windows\v7.0A\bin\mt.exe /nologo /verbose /out:"Debug\LR_0_Parser.exe.embed.manifest" /manifest Debug\LR_0_Parser.exe.intermediate.manifest
         All outputs are up-to-date.
       LinkEmbedManifest:
         All outputs are up-to-date.
         LR_0_Parser.vcxproj -> C:\Users\Oren Ish Shalom\Dropbox\MTA\COMPILATION\2015-2016\Compilation\Compilation_For_Students\Compiler\Step_03_Bottom_Up_Parser_LR_0\LR_0_Parser\Debug\LR_0_Parser.exe
       FinalizeBuildStatus:
         Deleting file "Debug\LR_0_Parser.unsuccessfulbuild".
         Touching "Debug\LR_0_Parser.lastbuildstate".
     1>Done Building Project "C:\Users\Oren Ish Shalom\Dropbox\MTA\COMPILATION\2015-2016\Compilation\Compilation_For_Students\Compiler\Step_03_Bottom_Up_Parser_LR_0\LR_0_Parser\LR_0_Parser.vcxproj" (build target(s)).

Build succeeded.

Time Elapsed 00:00:01.25
