C:\DEVELOP\PROJECTS\COMPAILERS\COMPILER\BISON\BISON_03_FOR_TIGER_COMPILER\BISON\DEBUG\ALLOCA.OBJ
C:\DEVELOP\PROJECTS\COMPAILERS\COMPILER\BISON\BISON_03_FOR_TIGER_COMPILER\BISON\DEBUG\ALLOCATE.OBJ
C:\DEVELOP\PROJECTS\COMPAILERS\COMPILER\BISON\BISON_03_FOR_TIGER_COMPILER\BISON\DEBUG\BISON.EXE.INTERMEDIATE.MANIFEST
C:\Develop\Projects\Compailers\Compiler\BISON\BISON_03_for_Tiger_Compiler\Bison\Debug\cl.command.1.tlog
C:\Develop\Projects\Compailers\Compiler\BISON\BISON_03_for_Tiger_Compiler\Bison\Debug\CL.read.1.tlog
C:\Develop\Projects\Compailers\Compiler\BISON\BISON_03_for_Tiger_Compiler\Bison\Debug\CL.write.1.tlog
C:\DEVELOP\PROJECTS\COMPAILERS\COMPILER\BISON\BISON_03_FOR_TIGER_COMPILER\BISON\DEBUG\CLOSURE.OBJ
C:\DEVELOP\PROJECTS\COMPAILERS\COMPILER\BISON\BISON_03_FOR_TIGER_COMPILER\BISON\DEBUG\CONFLICTS.OBJ
C:\DEVELOP\PROJECTS\COMPAILERS\COMPILER\BISON\BISON_03_FOR_TIGER_COMPILER\BISON\DEBUG\DERIVES.OBJ
C:\DEVELOP\PROJECTS\COMPAILERS\COMPILER\BISON\BISON_03_FOR_TIGER_COMPILER\BISON\DEBUG\FILES.OBJ
C:\DEVELOP\PROJECTS\COMPAILERS\COMPILER\BISON\BISON_03_FOR_TIGER_COMPILER\BISON\DEBUG\GETARGS.OBJ
C:\DEVELOP\PROJECTS\COMPAILERS\COMPILER\BISON\BISON_03_FOR_TIGER_COMPILER\BISON\DEBUG\GETOPT.OBJ
C:\DEVELOP\PROJECTS\COMPAILERS\COMPILER\BISON\BISON_03_FOR_TIGER_COMPILER\BISON\DEBUG\GETOPT1.OBJ
C:\DEVELOP\PROJECTS\COMPAILERS\COMPILER\BISON\BISON_03_FOR_TIGER_COMPILER\BISON\DEBUG\GRAM.OBJ
C:\DEVELOP\PROJECTS\COMPAILERS\COMPILER\BISON\BISON_03_FOR_TIGER_COMPILER\BISON\DEBUG\LALR.OBJ
C:\DEVELOP\PROJECTS\COMPAILERS\COMPILER\BISON\BISON_03_FOR_TIGER_COMPILER\BISON\DEBUG\LEX.OBJ
C:\Develop\Projects\Compailers\Compiler\BISON\BISON_03_for_Tiger_Compiler\Bison\Debug\link.command.1.tlog
C:\Develop\Projects\Compailers\Compiler\BISON\BISON_03_for_Tiger_Compiler\Bison\Debug\link.read.1.tlog
C:\Develop\Projects\Compailers\Compiler\BISON\BISON_03_for_Tiger_Compiler\Bison\Debug\link.write.1.tlog
C:\DEVELOP\PROJECTS\COMPAILERS\COMPILER\BISON\BISON_03_FOR_TIGER_COMPILER\BISON\DEBUG\LR0.OBJ
C:\DEVELOP\PROJECTS\COMPAILERS\COMPILER\BISON\BISON_03_FOR_TIGER_COMPILER\BISON\DEBUG\MAIN.OBJ
C:\Develop\Projects\Compailers\Compiler\BISON\BISON_03_for_Tiger_Compiler\Bison\Debug\mt.command.1.tlog
C:\Develop\Projects\Compailers\Compiler\BISON\BISON_03_for_Tiger_Compiler\Bison\Debug\mt.read.1.tlog
C:\Develop\Projects\Compailers\Compiler\BISON\BISON_03_for_Tiger_Compiler\Bison\Debug\mt.write.1.tlog
C:\DEVELOP\PROJECTS\COMPAILERS\COMPILER\BISON\BISON_03_FOR_TIGER_COMPILER\BISON\DEBUG\NULLABLE.OBJ
C:\DEVELOP\PROJECTS\COMPAILERS\COMPILER\BISON\BISON_03_FOR_TIGER_COMPILER\BISON\DEBUG\OUTPUT.OBJ
C:\DEVELOP\PROJECTS\COMPAILERS\COMPILER\BISON\BISON_03_FOR_TIGER_COMPILER\BISON\DEBUG\PRINT.OBJ
C:\DEVELOP\PROJECTS\COMPAILERS\COMPILER\BISON\BISON_03_FOR_TIGER_COMPILER\BISON\DEBUG\READER.OBJ
C:\DEVELOP\PROJECTS\COMPAILERS\COMPILER\BISON\BISON_03_FOR_TIGER_COMPILER\BISON\DEBUG\REDUCE.OBJ
C:\DEVELOP\PROJECTS\COMPAILERS\COMPILER\BISON\BISON_03_FOR_TIGER_COMPILER\BISON\DEBUG\SYMTAB.OBJ
C:\Develop\Projects\Compailers\Compiler\BISON\BISON_03_for_Tiger_Compiler\Bison\Debug\vc100.idb
C:\DEVELOP\PROJECTS\COMPAILERS\COMPILER\BISON\BISON_03_FOR_TIGER_COMPILER\BISON\DEBUG\VC100.PDB
C:\DEVELOP\PROJECTS\COMPAILERS\COMPILER\BISON\BISON_03_FOR_TIGER_COMPILER\BISON\DEBUG\VERSION.OBJ
C:\DEVELOP\PROJECTS\COMPAILERS\COMPILER\BISON\BISON_03_FOR_TIGER_COMPILER\BISON\DEBUG\WARSHALL.OBJ
C:\DEVELOP\PROJECTS\COMPAILERS\COMPILER\COMPILER\DEBUG\BISON.EXE
C:\DEVELOP\PROJECTS\COMPAILERS\COMPILER\COMPILER\DEBUG\BISON.PDB
