c:\develop\projects\compailers\compiler\compiler\debug\vc140.pdb
c:\develop\projects\compailers\compiler\compiler\debug\vc140.idb
c:\develop\projects\compailers\compiler\compiler\debug\ir.obj
c:\develop\projects\compailers\compiler\compiler\debug\ir_print.obj
c:\develop\projects\compailers\compiler\compiler\debug\liveness_analysis.obj
c:\develop\projects\compailers\compiler\compiler\debug\main.obj
c:\develop\projects\compailers\compiler\compiler\debug\mips_asm.obj
c:\develop\projects\compailers\compiler\compiler\debug\mips_frame.obj
c:\develop\projects\compailers\compiler\compiler\debug\parse.obj
c:\develop\projects\compailers\compiler\compiler\debug\pseduo_assembley_to_simulation.obj
c:\develop\projects\compailers\compiler\compiler\debug\pseudo_mips_asm_ast.obj
c:\develop\projects\compailers\compiler\compiler\debug\pseudo_mips_asm_ast_errormsg.obj
c:\develop\projects\compailers\compiler\compiler\debug\register_allocation.obj
c:\develop\projects\compailers\compiler\compiler\debug\semant.obj
c:\develop\projects\compailers\compiler\compiler\debug\symbol.obj
c:\develop\projects\compailers\compiler\compiler\debug\table.obj
c:\develop\projects\compailers\compiler\compiler\debug\temp.obj
c:\develop\projects\compailers\compiler\compiler\debug\temps_to_regs_errormsg.obj
c:\develop\projects\compailers\compiler\compiler\debug\tree.obj
c:\develop\projects\compailers\compiler\compiler\debug\types.obj
c:\develop\projects\compailers\compiler\compiler\debug\util.obj
c:\develop\projects\compailers\compiler\compiler\debug\write_assembley_output_file.obj
c:\develop\projects\compailers\compiler\compiler\debug\tiger.tab.obj
c:\develop\projects\compailers\compiler\compiler\debug\pseudo_mips_asm_ast.tab.obj
c:\develop\projects\compailers\compiler\compiler\debug\lex.yy.obj
c:\develop\projects\compailers\compiler\compiler\debug\lex.zz.obj
c:\develop\projects\compailers\compiler\compiler\debug\lex.gg.obj
c:\develop\projects\compailers\compiler\compiler\debug\absyn.obj
c:\develop\projects\compailers\compiler\compiler\debug\absyn_print.obj
c:\develop\projects\compailers\compiler\compiler\debug\env.obj
c:\develop\projects\compailers\compiler\compiler\debug\errormsg.obj
c:\develop\projects\compailers\compiler\compiler\debug\compiler.exe
c:\develop\projects\compailers\compiler\compiler\debug\compiler.pdb
c:\develop\projects\compailers\compiler\compiler\debug\compiler.tlog\cl.command.1.tlog
c:\develop\projects\compailers\compiler\compiler\debug\compiler.tlog\cl.read.1.tlog
c:\develop\projects\compailers\compiler\compiler\debug\compiler.tlog\cl.write.1.tlog
c:\develop\projects\compailers\compiler\compiler\debug\compiler.tlog\link.command.1.tlog
c:\develop\projects\compailers\compiler\compiler\debug\compiler.tlog\link.read.1.tlog
c:\develop\projects\compailers\compiler\compiler\debug\compiler.tlog\link.write.1.tlog
